<?xml version="1.0" encoding="utf-8"?><testsuites name="pytest tests"><testsuite name="pytest" errors="0" failures="0" skipped="0" tests="9" time="4.300" timestamp="2026-08-31T01:31:59.935560+00:00" hostname="agent-env-d69167eb-0e04-44d6-9f32-8385608115ed"><testcase classname="tests.test_blindaje_v16" name="test_protocolos_devuelve_5" time="0.486" /><testcase classname="tests.test_blindaje_v16" name="test_sin_token_devuelve_401_403" time="0.435" /><testcase classname="tests.test_blindaje_v16" name="test_broker_no_admin_devuelve_403" time="0.538" /><testcase classname="tests.test_blindaje_v16" name="test_autorizaciones_kpis_y_pendientes" time="0.118" /><testcase classname="tests.test_blindaje_v16" name="test_dashboard_estructura" time="0.408" /><testcase classname="tests.test_blindaje_v16" name="test_carpeta_caso" time="0.144" /><testcase classname="tests.test_blindaje_v16" name="test_rechazar_cliente_prueba_v16" time="0.291" /><testcase classname="tests.test_blindaje_v16" name="test_autorizar_prueba_autorizar_seguro" time="1.327" /><testcase classname="tests.test_blindaje_v16" name="test_regresion_correos_preview" time="0.179" /></testsuite></testsuites>