<?xml version="1.0" encoding="utf-8"?><testsuites name="pytest tests"><testsuite name="pytest" errors="0" failures="1" skipped="0" tests="22" time="2.595" timestamp="2026-07-28T01:07:30.258243+00:00" hostname="agent-env-e547768a-060a-462b-9c2f-75e3bb68ccd9"><testcase classname="tests.test_carpetas_backend.TestBasics" name="test_uf_actual_get" time="0.276" /><testcase classname="tests.test_carpetas_backend.TestBasics" name="test_uf_actual_patch" time="0.072" /><testcase classname="tests.test_carpetas_backend.TestUploadDownloadDelete" name="test_upload_file_auto_classify" time="0.400" /><testcase classname="tests.test_carpetas_backend.TestBasics" name="test_uf_actual_refresh" time="0.673" /><testcase classname="tests.test_carpetas_backend.TestUploadDownloadDelete" name="test_download_uploaded" time="0.184" /><testcase classname="tests.test_carpetas_backend.TestUploadDownloadDelete" name="test_download_inline" time="0.155" /><testcase classname="tests.test_carpetas_backend.TestUploadDownloadDelete" name="test_download_path_traversal" time="0.116" /><testcase classname="tests.test_carpetas_backend.TestUploadDownloadDelete" name="test_download_all_zip" time="0.149" /><testcase classname="tests.test_carpetas_backend.TestUploadDownloadDelete" name="test_delete_file" time="0.209" /><testcase classname="tests.test_carpetas_backend.TestBasics" name="test_list_folders" time="0.073" /><testcase classname="tests.test_carpetas_backend.TestBasics" name="test_ajustes" time="0.068" /><testcase classname="tests.test_carpetas_backend.TestFolderCRUD" name="test_create_folder" time="0.074" /><testcase classname="tests.test_carpetas_backend.TestSendEmailPreview" name="test_send_email_preview" time="0.070" /><testcase classname="tests.test_carpetas_backend.TestSendEmailPreview" name="test_send_email_invalid_addr" time="0.072" /><testcase classname="tests.test_carpetas_backend.TestFolderCRUD" name="test_get_folder_detail" time="0.184" /><testcase classname="tests.test_carpetas_backend.TestSendEmailPreview" name="test_send_missing_docs_preview" time="0.112" /><testcase classname="tests.test_carpetas_backend.TestMerges" name="test_merge_protocol" time="0.069" /><testcase classname="tests.test_carpetas_backend.TestClasificacion" name="test_patch_clasificacion" time="0.179"><failure message="AssertionError: assert None == 'ds01'&#10; +  where None = &lt;built-in method get of dict object at 0xfc41dc1c1300&gt;('subsidy_tipo')&#10; +    where &lt;built-in method get of dict object at 0xfc41dc1c1300&gt; = {'is_request': True, 'client_type': 'dependiente', 'subsidy': {'tipo': 'ds01'}, 'codeudor': {'has_codeudor': True, 'name': 'Codeudor X'}, ...}.get">backend/tests/test_carpetas_backend.py:233: in test_patch_clasificacion
    assert cr.get("subsidy_tipo") == "ds01"
E   AssertionError: assert None == 'ds01'
E    +  where None = &lt;built-in method get of dict object at 0xfc41dc1c1300&gt;('subsidy_tipo')
E    +    where &lt;built-in method get of dict object at 0xfc41dc1c1300&gt; = {'is_request': True, 'client_type': 'dependiente', 'subsidy': {'tipo': 'ds01'}, 'codeudor': {'has_codeudor': True, 'name': 'Codeudor X'}, ...}.get</failure></testcase><testcase classname="tests.test_carpetas_backend.TestMerges" name="test_merge_pdfs_arbitrary" time="0.131" /><testcase classname="tests.test_carpetas_backend.TestDatosFinancieros" name="test_get_and_patch" time="0.287" /><testcase classname="tests.test_carpetas_backend.TestClasificacion" name="test_reset_clasificacion" time="0.183" /><testcase classname="tests.test_carpetas_backend.TestEnvioManual" name="test_envio_manual" time="0.071" /></testsuite></testsuites>