<?xml version="1.0" encoding="utf-8"?><testsuites name="pytest tests"><testsuite name="pytest" errors="0" failures="0" skipped="0" tests="7" time="16.690" timestamp="2026-08-03T14:51:25.828130+00:00" hostname="agent-env-e547768a-060a-462b-9c2f-75e3bb68ccd9"><testcase classname="" name="test_buscar_minimo_3_letras" time="0.187" /><testcase classname="" name="test_buscar_zurita_retorna_lista" time="4.741" /><testcase classname="" name="test_importar_sin_mids_400" time="0.179" /><testcase classname="" name="test_importar_set_credito_dedupe" time="5.438" /><testcase classname="" name="test_importar_carpeta_por_nombre" time="2.937" /><testcase classname="" name="test_importar_estudio_titulo_subfolder" time="2.982" /><testcase classname="" name="test_forzar_folder_sigue_existiendo" time="0.154" /></testsuite></testsuites>