<?xml version="1.0" encoding="utf-8"?><testsuites name="pytest tests"><testsuite name="pytest" errors="0" failures="0" skipped="0" tests="22" time="6.330" timestamp="2026-08-14T01:03:25.656073+00:00" hostname="agent-env-e547768a-060a-462b-9c2f-75e3bb68ccd9"><testcase classname="tests.test_iteration_30.TestConstitucion" name="test_version_y_reglas" time="0.270" /><testcase classname="tests.test_iteration_30.TestBrokers" name="test_broker_solo_ve_sus_carpetas" time="0.248" /><testcase classname="tests.test_iteration_30.TestBrokers" name="test_broker_no_acceso_clientes_folders" time="0.108" /><testcase classname="tests.test_iteration_30.TestBrokers" name="test_mutuaria_ve_10_clientes_estado" time="0.240" /><testcase classname="tests.test_iteration_30.TestFuentesIMAP" name="test_clave_incorrecta_403" time="0.128" /><testcase classname="tests.test_iteration_30.TestFuentesIMAP" name="test_sin_etiqueta_400" time="0.117" /><testcase classname="tests.test_iteration_30.TestFuentesIMAP" name="test_clave_correcta_ok_y_auditoria" time="0.394" /><testcase classname="tests.test_iteration_30.TestControlAuditor" name="test_discrepancias_shape" time="0.134" /><testcase classname="tests.test_iteration_30.TestControlAuditor" name="test_control_config_guarda_email" time="0.136" /><testcase classname="tests.test_iteration_30.TestControlAuditor" name="test_alerta_sin_discrepancias_400" time="0.573" /><testcase classname="tests.test_iteration_30.TestHitosFlujos" name="test_feed_hitos" time="0.126" /><testcase classname="tests.test_iteration_30.TestHitosFlujos" name="test_inmobiliarias_seed" time="0.117" /><testcase classname="tests.test_iteration_30.TestHitosFlujos" name="test_contactos_visita" time="0.135" /><testcase classname="tests.test_iteration_30.TestRadar" name="test_radar_shape" time="0.122" /><testcase classname="tests.test_iteration_30.TestRadar" name="test_firma_parcial_no_es_ok" time="0.470" /><testcase classname="tests.test_iteration_30.TestRadar" name="test_fecha_firma" time="0.263" /><testcase classname="tests.test_iteration_30.TestGrid" name="test_grid_estado" time="0.144" /><testcase classname="tests.test_iteration_30.TestGrid" name="test_grid_eventos" time="0.124" /><testcase classname="tests.test_iteration_30.TestGrid" name="test_grid_resync" time="0.240" /><testcase classname="tests.test_iteration_30.TestBrokerUploadRUT" name="test_rut_mismatch_rechazado_y_match_aceptado" time="1.646" /><testcase classname="tests.test_iteration_30.TestGerencia" name="test_cartera_cols" time="0.235" /><testcase classname="tests.test_iteration_30.TestGerencia" name="test_export_xlsx" time="0.279" /></testsuite></testsuites>