<?xml version="1.0" encoding="utf-8"?><testsuites name="pytest tests"><testsuite name="pytest" errors="0" failures="0" skipped="1" tests="10" time="1.815" timestamp="2026-08-04T01:43:00.187531+00:00" hostname="agent-env-e547768a-060a-462b-9c2f-75e3bb68ccd9"><testcase classname="tests.test_iter18_rescate_codeudor.TestRegression" name="test_salud" time="0.124" /><testcase classname="tests.test_iter18_rescate_codeudor.TestRegression" name="test_gastos_log" time="0.118" /><testcase classname="tests.test_iter18_rescate_codeudor.TestRegression" name="test_smtp_log" time="0.104" /><testcase classname="tests.test_iter18_rescate_codeudor.TestRegression" name="test_seguimiento_clientes" time="0.119" /><testcase classname="tests.test_iter18_rescate_codeudor.TestRescate" name="test_pendientes_list" time="0.104" /><testcase classname="tests.test_iter18_rescate_codeudor.TestRescate" name="test_asignar_una_palabra_400" time="0.101" /><testcase classname="tests.test_iter18_rescate_codeudor.TestRescate" name="test_asignar_luis_fonseca" time="0.121"><skipped type="pytest.skip" message="Luis Fonseca pendiente already resolved">/app/tests/test_iter18_rescate_codeudor.py:66: Luis Fonseca pendiente already resolved</skipped></testcase><testcase classname="tests.test_iter18_rescate_codeudor.TestCodeudor" name="test_add_codeudor_and_upload_delete" time="0.637" /><testcase classname="tests.test_iter18_rescate_codeudor.TestSeguimientoEstado" name="test_patch_luis_fonseca_rechazo" time="0.213" /><testcase classname="tests.test_iter18_rescate_codeudor.TestNomenclatura" name="test_melisa_prefijos" time="0.104" /></testsuite></testsuites>