<?xml version="1.0" encoding="utf-8"?><testsuites name="pytest tests"><testsuite name="pytest" errors="0" failures="0" skipped="0" tests="14" time="3.405" timestamp="2026-08-31T01:48:58.949874+00:00" hostname="agent-env-d69167eb-0e04-44d6-9f32-8385608115ed"><testcase classname="tests.test_iter66_martin_guardian.TestSeguridad" name="test_martin_reparaciones_sin_token" time="0.413" /><testcase classname="tests.test_iter66_martin_guardian.TestSeguridad" name="test_guardian_estado_sin_token" time="0.189" /><testcase classname="tests.test_iter66_martin_guardian.TestSeguridad" name="test_martin_no_admin" time="0.263" /><testcase classname="tests.test_iter66_martin_guardian.TestSeguridad" name="test_guardian_no_admin" time="0.133" /><testcase classname="tests.test_iter66_martin_guardian.TestMartinTaller" name="test_taller_reparaciones" time="0.244" /><testcase classname="tests.test_iter66_martin_guardian.TestMartinTaller" name="test_reparar_tasa_rota_sin_autorizacion" time="0.131" /><testcase classname="tests.test_iter66_martin_guardian.TestMartinTaller" name="test_reindexar_memoria_total" time="0.336" /><testcase classname="tests.test_iter66_martin_guardian.TestMartinTaller" name="test_enviar_masivo_requiere_autorizacion" time="0.272" /><testcase classname="tests.test_iter66_martin_guardian.TestMartinTaller" name="test_cleanup_solicitud_martin" time="0.151" /><testcase classname="tests.test_iter66_martin_guardian.TestMartinTaller" name="test_vigia_ahora" time="0.192" /><testcase classname="tests.test_iter66_martin_guardian.TestGuardianLogico" name="test_estado" time="0.132" /><testcase classname="tests.test_iter66_martin_guardian.TestGuardianLogico" name="test_revisar_ahora" time="0.176" /><testcase classname="tests.test_iter66_martin_guardian.TestRegresion" name="test_blindaje_dashboard" time="0.476" /><testcase classname="tests.test_iter66_martin_guardian.TestRegresion" name="test_correos_preview" time="0.237" /></testsuite></testsuites>