<?xml version="1.0" encoding="utf-8"?><testsuites name="pytest tests"><testsuite name="pytest" errors="0" failures="0" skipped="0" tests="14" time="91.162" timestamp="2026-08-03T05:03:14.877696+00:00" hostname="agent-env-e547768a-060a-462b-9c2f-75e3bb68ccd9"><testcase classname="tests.test_iter12_features" name="test_folders_light_fast" time="0.272" /><testcase classname="tests.test_iter12_features" name="test_folders_has_is_escrituracion_field_and_prob" time="0.134" /><testcase classname="tests.test_iter12_features" name="test_prob_aprobacion_zero_when_no_min_docs" time="0.000" /><testcase classname="tests.test_iter12_features" name="test_toggle_escrituracion_move_and_return" time="0.339" /><testcase classname="tests.test_iter12_features" name="test_forzar_clave_incorrecta" time="0.105" /><testcase classname="tests.test_iter12_features" name="test_forzar_sin_nombre_ni_rut" time="0.102" /><testcase classname="tests.test_iter12_features" name="test_forzar_con_nombre_existente" time="43.575" /><testcase classname="tests.test_iter12_features" name="test_enriquecer_credito" time="19.374" /><testcase classname="tests.test_iter12_features" name="test_enriquecer_estudio" time="25.957" /><testcase classname="tests.test_iter12_features" name="test_gastos_prefill_nombre_corto" time="0.198" /><testcase classname="tests.test_iter12_features" name="test_gastos_prefill_ok" time="0.102" /><testcase classname="tests.test_iter12_features" name="test_send_email_preview_falta_ejecutivo" time="0.231" /><testcase classname="tests.test_iter12_features" name="test_send_email_preview_con_ejecutivo" time="0.211" /><testcase classname="tests.test_iter12_features" name="test_merge_protocol_orden" time="0.485" /></testsuite></testsuites>