<?xml version="1.0" encoding="utf-8"?><testsuites name="pytest tests"><testsuite name="pytest" errors="0" failures="0" skipped="0" tests="12" time="8.097" timestamp="2026-08-03T06:15:17.762765+00:00" hostname="agent-env-e547768a-060a-462b-9c2f-75e3bb68ccd9"><testcase classname=".TestCierres" name="test_list_cierres" time="0.118" /><testcase classname=".TestCierres" name="test_list_filter_entrega_inmediata" time="0.055" /><testcase classname=".TestCierres" name="test_patch_and_verify" time="0.106" /><testcase classname=".TestCierres" name="test_consultar_preview_contains_both_buttons" time="0.044" /><testcase classname=".TestCierres" name="test_consultar_sin_correo_400" time="0.178" /><testcase classname=".TestCierres" name="test_respuesta_token_inexistente" time="0.047" /><testcase classname=".TestAprendizaje" name="test_aprendizaje_get" time="0.048" /><testcase classname=".TestAprendizaje" name="test_aprendizaje_nota_post" time="0.092" /><testcase classname=".TestAprendizaje" name="test_aprendizaje_analizar" time="7.166" /><testcase classname=".TestEstudio" name="test_defaults" time="0.047" /><testcase classname=".TestEstudio" name="test_enviar_preview_nueva_reserva" time="0.047" /><testcase classname=".TestRegresion" name="test_folders_list" time="0.077" /></testsuite></testsuites>