<?xml version="1.0" encoding="utf-8"?><testsuites name="pytest tests"><testsuite name="pytest" errors="0" failures="0" skipped="0" tests="9" time="3.664" timestamp="2026-08-20T23:13:06.198177+00:00" hostname="agent-env-d69167eb-0e04-44d6-9f32-8385608115ed"><testcase classname="tests.test_iter47_regla67_calendario_nocalifico.TestRegla67" name="test_creacion_sin_documentos_devuelve_422" time="0.558" /><testcase classname="tests.test_iter47_regla67_calendario_nocalifico.TestRegla67" name="test_constitucion_maestra_v28_regla67" time="0.001" /><testcase classname="tests.test_iter47_regla67_calendario_nocalifico.TestRegla67" name="test_creacion_con_3_docs_validos_pasa_y_cleanup" time="0.366" /><testcase classname="tests.test_iter47_regla67_calendario_nocalifico.TestCalendario" name="test_calendario_mes_agosto" time="0.151" /><testcase classname="tests.test_iter47_regla67_calendario_nocalifico.TestCalendario" name="test_calendario_dia_2026_08_19" time="0.746" /><testcase classname="tests.test_iter47_regla67_calendario_nocalifico.TestCalendario" name="test_calendario_dia_fecha_invalida" time="0.236" /><testcase classname="tests.test_iter47_regla67_calendario_nocalifico.TestNoCalifico" name="test_evaluaciones_negativas_mapa" time="0.159" /><testcase classname="tests.test_iter47_regla67_calendario_nocalifico.TestNoCalifico" name="test_flujo_completo_no_califico_con_simulacion_inyectada" time="1.141" /><testcase classname="tests.test_iter47_regla67_calendario_nocalifico.TestNoCalifico" name="test_notificar_folder_sin_source_email_400" time="0.168" /></testsuite></testsuites>