<?xml version="1.0" encoding="utf-8"?><testsuites name="pytest tests"><testsuite name="pytest" errors="0" failures="0" skipped="0" tests="6" time="0.685" timestamp="2026-08-04T02:49:11.325288+00:00" hostname="agent-env-e547768a-060a-462b-9c2f-75e3bb68ccd9"><testcase classname="tests.test_iter21_aprendizaje" name="test_enriquecer_devuelve_estructura" time="0.166" /><testcase classname="tests.test_iter21_aprendizaje" name="test_alias_aprobacion_cliente" time="0.067" /><testcase classname="tests.test_iter21_aprendizaje" name="test_correccion_campo_invalido" time="0.051" /><testcase classname="tests.test_iter21_aprendizaje" name="test_correccion_sin_valor" time="0.061" /><testcase classname="tests.test_iter21_aprendizaje" name="test_ciclo_correccion_aprendido" time="0.136" /><testcase classname="tests.test_iter21_aprendizaje" name="test_nombre_muy_corto" time="0.056" /></testsuite></testsuites>