<?xml version="1.0" encoding="utf-8"?><testsuites name="pytest tests"><testsuite name="pytest" errors="0" failures="0" skipped="0" tests="4" time="0.367" timestamp="2026-08-02T20:33:28.187014+00:00" hostname="agent-env-e547768a-060a-462b-9c2f-75e3bb68ccd9"><testcase classname="tests.test_ernesto_cmf_bug" name="test_ernesto_folder_no_cmf" time="0.161" /><testcase classname="tests.test_ernesto_cmf_bug" name="test_send_email_preview_incompleto" time="0.052" /><testcase classname="tests.test_ernesto_cmf_bug" name="test_send_email_confirm_without_force_returns_412" time="0.051" /><testcase classname="tests.test_ernesto_cmf_bug" name="test_classifier_functions" time="0.050" /></testsuite></testsuites>