<?xml version="1.0" encoding="utf-8"?><testsuites name="pytest tests"><testsuite name="pytest" errors="0" failures="0" skipped="0" tests="4" time="2.322" timestamp="2026-08-20T23:23:52.319407+00:00" hostname="agent-env-d69167eb-0e04-44d6-9f32-8385608115ed"><testcase classname="tests.test_iter48_mbox_import" name="test_mbox_flow_completo" time="1.519" /><testcase classname="tests.test_iter48_mbox_import" name="test_mbox_iniciar_tamano_invalido_cero" time="0.116" /><testcase classname="tests.test_iter48_mbox_import" name="test_mbox_iniciar_tamano_invalido_grande" time="0.152" /><testcase classname="tests.test_iter48_mbox_import" name="test_mbox_iniciar_403_broker" time="0.485" /></testsuite></testsuites>