<?xml version="1.0" encoding="utf-8"?><testsuites name="pytest tests"><testsuite name="pytest" errors="0" failures="0" skipped="0" tests="18" time="4.621" timestamp="2026-08-21T21:23:59.429284+00:00" hostname="agent-env-d69167eb-0e04-44d6-9f32-8385608115ed"><testcase classname="tests.test_iter55_victoria_rediseno.TestAuthVictoria" name="test_login_devuelve_solo_modulo_y_clave_temporal" time="0.228" /><testcase classname="tests.test_iter55_victoria_rediseno.TestAuthVictoria" name="test_sin_token_dashboard_401" time="0.002" /><testcase classname="tests.test_iter55_victoria_rediseno.TestAuthVictoria" name="test_cambiar_clave_valida_actual" time="0.226" /><testcase classname="tests.test_iter55_victoria_rediseno.TestDashboard" name="test_dashboard_estructura_kpis" time="0.010" /><testcase classname="tests.test_iter55_victoria_rediseno.TestContacto" name="test_email_invalido_400" time="0.011" /><testcase classname="tests.test_iter55_victoria_rediseno.TestContacto" name="test_guardar_contacto_persiste" time="0.010" /><testcase classname="tests.test_iter55_victoria_rediseno.TestContacto" name="test_enviar_correo_sin_email_400" time="0.011" /><testcase classname="tests.test_iter55_victoria_rediseno.TestContacto" name="test_enviar_correo_sin_asunto_400" time="0.004" /><testcase classname="tests.test_iter55_victoria_rediseno.TestDocumentos" name="test_contenido_devuelve_pdf" time="3.268" /><testcase classname="tests.test_iter55_victoria_rediseno.TestDocumentos" name="test_revision_decision_invalida_400" time="0.004" /><testcase classname="tests.test_iter55_victoria_rediseno.TestDocumentos" name="test_revision_rechazo_sin_motivo_400" time="0.003" /><testcase classname="tests.test_iter55_victoria_rediseno.TestDocumentos" name="test_reclasificar_tipo" time="0.012" /><testcase classname="tests.test_iter55_victoria_rediseno.TestDocumentos" name="test_tipo_invalido_400" time="0.003" /><testcase classname="tests.test_iter55_victoria_rediseno.TestDocumentos" name="test_rechazo_excluye_de_auditoria" time="0.659" /><testcase classname="tests.test_iter55_victoria_rediseno.TestDespacho" name="test_despacho_sin_confirmado_400" time="0.003" /><testcase classname="tests.test_iter55_victoria_rediseno.TestDespacho" name="test_despacho_bloqueado_por_reglas_de_oro" time="0.005" /><testcase classname="tests.test_iter55_victoria_rediseno.TestDocumentoEnvio" name="test_documento_envio_html" time="0.004" /><testcase classname="tests.test_iter55_victoria_rediseno.TestRegresionAdmin" name="test_login_admin_no_solo_modulo" time="0.071" /></testsuite></testsuites>