<?xml version="1.0" encoding="utf-8"?><testsuites name="pytest tests"><testsuite name="pytest" errors="0" failures="0" skipped="0" tests="12" time="29.035" timestamp="2026-08-26T02:45:59.787765+00:00" hostname="agent-env-d69167eb-0e04-44d6-9f32-8385608115ed"><testcase classname="tests.test_iter64_preview_ia.TestAuth" name="test_admin_login_returns_token" time="0.175" /><testcase classname="tests.test_iter64_preview_ia.TestAuth" name="test_contralor_login" time="0.329" /><testcase classname="tests.test_iter64_preview_ia.TestCorreosPreview" name="test_lista_como_admin" time="0.102" /><testcase classname="tests.test_iter64_preview_ia.TestCorreosPreview" name="test_lista_bloqueada_para_no_admin" time="0.163" /><testcase classname="tests.test_iter64_preview_ia.TestClasificadorIA" name="test_clasifica[solicitud]" time="2.532" /><testcase classname="tests.test_iter64_preview_ia.TestClasificadorIA" name="test_clasifica[rechazo]" time="2.371" /><testcase classname="tests.test_iter64_preview_ia.TestClasificadorIA" name="test_clasifica[spam]" time="2.220" /><testcase classname="tests.test_iter64_preview_ia.TestAutorreparacion" name="test_estado" time="0.119" /><testcase classname="tests.test_iter64_preview_ia.TestAutorreparacion" name="test_ejecutar_ciclo" time="20.808" /><testcase classname="tests.test_iter64_preview_ia.TestReprocesoIA" name="test_estado" time="0.162" /><testcase classname="tests.test_iter64_preview_ia.TestEmailInterceptCode" name="test_send_mail_intercepta" time="0.001" /><testcase classname="tests.test_iter64_preview_ia.TestEmailInterceptCode" name="test_encolar_preview_estado_esperando" time="0.000" /></testsuite></testsuites>