<?xml version="1.0" encoding="utf-8"?><testsuites name="pytest tests"><testsuite name="pytest" errors="0" failures="0" skipped="0" tests="13" time="2.374" timestamp="2026-08-04T02:04:54.209495+00:00" hostname="agent-env-e547768a-060a-462b-9c2f-75e3bb68ccd9"><testcase classname="tests.test_iter19_features" name="test_datos_cliente_confianza_y_fuentes" time="0.146" /><testcase classname="tests.test_iter19_features" name="test_datos_cliente_nombre_corto_400" time="0.105" /><testcase classname="tests.test_iter19_features" name="test_aprendizaje_correccion_ok_y_aplica_patron" time="0.301" /><testcase classname="tests.test_iter19_features" name="test_aprendizaje_correccion_campo_invalido_400" time="0.161" /><testcase classname="tests.test_iter19_features" name="test_calibracion_estado" time="0.162" /><testcase classname="tests.test_iter19_features" name="test_firma_portal_html" time="0.277" /><testcase classname="tests.test_iter19_features" name="test_firma_og_png" time="0.160" /><testcase classname="tests.test_iter19_features" name="test_firma_token_invalido_404" time="0.096" /><testcase classname="tests.test_iter19_features" name="test_upload_docx_se_convierte_a_pdf" time="0.324" /><testcase classname="tests.test_iter19_features" name="test_regresiones_200[/salud/estado]" time="0.121" /><testcase classname="tests.test_iter19_features" name="test_regresiones_200[/rescate/pendientes]" time="0.142" /><testcase classname="tests.test_iter19_features" name="test_regresiones_200[/gastos-operacionales/log]" time="0.111" /><testcase classname="tests.test_iter19_features" name="test_regresiones_200[/seguimiento/clientes]" time="0.212" /></testsuite></testsuites>