<?xml version="1.0" encoding="utf-8"?><testsuites name="pytest tests"><testsuite name="pytest" errors="0" failures="0" skipped="1" tests="11" time="4.392" timestamp="2026-08-22T03:25:53.078218+00:00" hostname="agent-env-d69167eb-0e04-44d6-9f32-8385608115ed"><testcase classname="tests.test_iter59_ventas_auditoria.TestVentasRendimiento" name="test_rendimiento" time="0.376" /><testcase classname="tests.test_iter59_ventas_auditoria.TestVentasRendimiento" name="test_embudo" time="0.113" /><testcase classname="tests.test_iter59_ventas_auditoria.TestVentasRendimiento" name="test_export_xlsx" time="0.341" /><testcase classname="tests.test_iter59_ventas_auditoria.TestVentasFlujoCompleto" name="test_crear_solicitud_asignada_por_balance" time="0.115" /><testcase classname="tests.test_iter59_ventas_auditoria.TestVentasFlujoCompleto" name="test_huella_asignacion_en_cerebro" time="0.607"><skipped type="pytest.skip" message="Endpoint de consultas cerebro no expuesto (404)">/app/tests/test_iter59_ventas_auditoria.py:103: Endpoint de consultas cerebro no expuesto (404)</skipped></testcase><testcase classname="tests.test_iter59_ventas_auditoria.TestVentasFlujoCompleto" name="test_timeline_tiene_evento_inicial" time="0.151" /><testcase classname="tests.test_iter59_ventas_auditoria.TestVentasFlujoCompleto" name="test_estado_aprobado_setea_cerrado_y_timeline" time="0.266" /><testcase classname="tests.test_iter59_ventas_auditoria.TestVentasFlujoCompleto" name="test_zzz_cleanup" time="0.649" /><testcase classname="tests.test_iter59_ventas_auditoria.TestAuditoriaCampos" name="test_auditoria_campos_5_items" time="0.268" /><testcase classname="tests.test_iter59_ventas_auditoria.TestAuditoriaCampos" name="test_fragmento_png" time="0.506" /><testcase classname="tests.test_iter59_ventas_auditoria.TestAuditoriaCampos" name="test_auditar_registra_huella_daniela" time="0.917" /></testsuite></testsuites>