<?xml version="1.0" encoding="utf-8"?><testsuites name="pytest tests"><testsuite name="pytest" errors="0" failures="0" skipped="0" tests="10" time="2.716" timestamp="2026-08-21T16:39:00.510742+00:00" hostname="agent-env-d69167eb-0e04-44d6-9f32-8385608115ed"><testcase classname="tests.test_iter53_concreces" name="test_reglas_oro_total_10" time="0.594" /><testcase classname="tests.test_iter53_concreces" name="test_flujo_get_crea_flujo_y_pasos" time="0.240" /><testcase classname="tests.test_iter53_concreces" name="test_resolucion_sin_checklist_403" time="0.317" /><testcase classname="tests.test_iter53_concreces" name="test_put_checklist_completo_y_politica_ok" time="0.127" /><testcase classname="tests.test_iter53_concreces" name="test_resolucion_aprobado_carta" time="0.142" /><testcase classname="tests.test_iter53_concreces" name="test_revision_html_y_listo" time="0.243" /><testcase classname="tests.test_iter53_concreces" name="test_enviar_sin_confirmado_400" time="0.205" /><testcase classname="tests.test_iter53_concreces" name="test_enviar_confirmado_ok" time="0.139" /><testcase classname="tests.test_iter53_concreces" name="test_reparo_y_subsanar" time="0.275" /><testcase classname="tests.test_iter53_concreces" name="test_politica_invalida_marca_ok_false" time="0.308" /></testsuite></testsuites>