<?xml version="1.0" encoding="utf-8"?><testsuites name="pytest tests"><testsuite name="pytest" errors="0" failures="1" skipped="0" tests="8" time="2.302" timestamp="2026-08-20T04:57:34.046750+00:00" hostname="agent-env-d69167eb-0e04-44d6-9f32-8385608115ed"><testcase classname="tests.test_iter43_gerencia_comercial.TestCentroMando" name="test_centro_mando_gerencia_ok" time="0.798" /><testcase classname="tests.test_iter43_gerencia_comercial.TestCentroMando" name="test_centro_mando_broker_403" time="0.431" /><testcase classname="tests.test_iter43_gerencia_comercial.TestCentroMando" name="test_centro_mando_admin_ok" time="0.317" /><testcase classname="tests.test_iter43_gerencia_comercial.TestFichaEjecutivo" name="test_ficha_victoria" time="0.120" /><testcase classname="tests.test_iter43_gerencia_comercial.TestFichaEjecutivo" name="test_ficha_inexistente_404" time="0.118" /><testcase classname="tests.test_iter43_gerencia_comercial.TestExportPDF" name="test_pin_incorrecto_403" time="0.098" /><testcase classname="tests.test_iter43_gerencia_comercial.TestExportPDF" name="test_pin_correcto_devuelve_pdf" time="0.168" /><testcase classname="tests.test_iter43_gerencia_comercial.TestGerenciaCartera" name="test_cartera_incluye_creado_y_dicom" time="0.162"><failure message="AssertionError: no filas returned&#10;assert (False)&#10; +  where False = isinstance(None, list)">tests/test_iter43_gerencia_comercial.py:166: in test_cartera_incluye_creado_y_dicom
    assert isinstance(filas, list) and len(filas) &gt; 0, "no filas returned"
E   AssertionError: no filas returned
E   assert (False)
E    +  where False = isinstance(None, list)</failure></testcase></testsuite></testsuites>