<?xml version="1.0" encoding="utf-8"?><testsuites name="pytest tests"><testsuite name="pytest" errors="0" failures="0" skipped="0" tests="21" time="4.214" timestamp="2026-08-19T01:55:13.858330+00:00" hostname="agent-env-e547768a-060a-462b-9c2f-75e3bb68ccd9"><testcase classname="tests.test_regression_iter39.TestLoginRoles" name="test_login_ok[administrador-141617575]" time="0.011" /><testcase classname="tests.test_regression_iter39.TestLoginRoles" name="test_login_ok[gerencia-Gerencia2026]" time="0.449" /><testcase classname="tests.test_regression_iter39.TestLoginRoles" name="test_login_ok[victoria-Victoria2026]" time="0.472" /><testcase classname="tests.test_regression_iter39.TestLoginRoles" name="test_login_ok[postventa-Postventa2026]" time="0.448" /><testcase classname="tests.test_regression_iter39.TestLoginRoles" name="test_login_ok[contralor-Contralor2026]" time="0.448" /><testcase classname="tests.test_regression_iter39.TestLoginRoles" name="test_login_ok[broker1-broker123]" time="0.006" /><testcase classname="tests.test_regression_iter39.TestNormativas" name="test_lista_admin" time="1.839" /><testcase classname="tests.test_regression_iter39.TestNormativas" name="test_broker_denied" time="0.003" /><testcase classname="tests.test_regression_iter39.TestNormativas" name="test_gerencia_no_crea" time="0.227" /><testcase classname="tests.test_regression_iter39.TestDocsSinClasificar" name="test_admin_ok" time="0.226" /><testcase classname="tests.test_regression_iter39.TestDocsSinClasificar" name="test_victoria_ok" time="0.227" /><testcase classname="tests.test_regression_iter39.TestDocsSinClasificar" name="test_broker_denied" time="0.003" /><testcase classname="tests.test_regression_iter39.TestEspejo" name="test_sincronizar_sin_creds_400" time="0.226" /><testcase classname="tests.test_regression_iter39.TestEspejo" name="test_operaciones_lectura_contralor" time="0.008" /><testcase classname="tests.test_regression_iter39.TestGerencia" name="test_command_center_zonas" time="0.940" /><testcase classname="tests.test_regression_iter39.TestFechasFormato" name="test_ventana_proyeccion_slash" time="0.006" /><testcase classname="tests.test_regression_iter39.TestBroker" name="test_broker_no_admin_users" time="0.003" /><testcase classname="tests.test_regression_iter39.TestVictoria" name="test_no_crear_rol_superior" time="0.006" /><testcase classname="tests.test_regression_iter39.TestGerencia" name="test_cc_opciones" time="0.228" /><testcase classname="tests.test_regression_iter39.TestUserCreate" name="test_create_and_cleanup" time="1.121" /><testcase classname="tests.test_regression_iter39.TestGerencia" name="test_accion_seguimiento_con_cc_no_bloquea" time="0.022" /></testsuite></testsuites>