<?xml version="1.0" encoding="utf-8"?><testsuites name="pytest tests"><testsuite name="pytest" errors="0" failures="0" skipped="0" tests="6" time="0.750" timestamp="2026-08-02T23:33:26.489767+00:00" hostname="agent-env-e547768a-060a-462b-9c2f-75e3bb68ccd9"><testcase classname="tests.test_iter11_features.TestFoldersLight" name="test_folders_light_fast_and_21" time="0.099" /><testcase classname="tests.test_iter11_features.TestFoldersLight" name="test_folders_light_incluye_nuevas_escrituracion" time="0.176" /><testcase classname="tests.test_iter11_features.TestResumenSemanal" name="test_preview_sin_confirm" time="0.102" /><testcase classname="tests.test_iter11_features.TestCarpetasEscrituracion" name="test_carpeta_javiera_tiene_escritura_op" time="0.233" /><testcase classname="tests.test_iter11_features.TestAlertaTasacionSinRespuestaStatic" name="test_bloque_alerta_existe_en_server_py" time="0.002" /><testcase classname="tests.test_iter11_features.TestAlertaTasacionSinRespuestaStatic" name="test_query_sintetico_matchea" time="0.075" /></testsuite></testsuites>