<?xml version="1.0" encoding="utf-8"?><testsuites name="pytest tests"><testsuite name="pytest" errors="0" failures="0" skipped="1" tests="15" time="98.280" timestamp="2026-08-21T17:24:33.510434+00:00" hostname="agent-env-d69167eb-0e04-44d6-9f32-8385608115ed"><testcase classname="tests.test_iter54_victoria" name="test_1_crear_cliente" time="0.018" /><testcase classname="tests.test_iter54_victoria" name="test_2_subir_4_pdfs_con_mismatch" time="6.193" /><testcase classname="tests.test_iter54_victoria" name="test_3_auditoria_oro14_bloquea" time="0.006" /><testcase classname="tests.test_iter54_victoria" name="test_4_despacho_bloqueado_403" time="0.018" /><testcase classname="tests.test_iter54_victoria" name="test_5_reparar_titulos_ok" time="0.910" /><testcase classname="tests.test_iter54_victoria" name="test_6_formularios_y_documento_envio" time="0.015" /><testcase classname="tests.test_iter54_victoria" name="test_7_despachar_ok" time="0.008" /><testcase classname="tests.test_iter54_victoria" name="test_8_panel" time="0.009" /><testcase classname="tests.test_iter54_victoria" name="test_9_reglas_oro_14_en_db" time="0.005" /><testcase classname="tests.test_iter54_victoria" name="test_10_despachar_sin_confirmar_400" time="0.004" /><testcase classname="tests.test_iter54_victoria" name="test_11_formularios_sin_confirmado_luego_despachar_403" time="0.010" /><testcase classname="tests.test_iter54_victoria" name="test_12_procesar_correo" time="90.091"><skipped type="pytest.skip" message="IMAP real tarda &gt;90s; endpoint no rompió estructura del backend">/app/backend/tests/test_iter54_victoria.py:201: IMAP real tarda &gt;90s; endpoint no rompió estructura del backend</skipped></testcase><testcase classname="tests.test_iter54_victoria" name="test_13_reglas_oro_concreces" time="0.006" /><testcase classname="tests.test_iter54_victoria" name="test_14_concreces_carpetas" time="0.007" /><testcase classname="tests.test_iter54_victoria" name="test_15_central_chat_martin" time="0.824" /></testsuite></testsuites>