<?xml version="1.0" encoding="utf-8"?><testsuites name="pytest tests"><testsuite name="pytest" errors="0" failures="0" skipped="0" tests="6" time="0.559" timestamp="2026-08-04T01:21:26.120584+00:00" hostname="agent-env-e547768a-060a-462b-9c2f-75e3bb68ccd9"><testcase classname="tests.test_salud_correos_iter17.TestSalud" name="test_salud_estado_structure" time="0.170" /><testcase classname="tests.test_salud_correos_iter17.TestContactosEmails" name="test_emails_with_query" time="0.057" /><testcase classname="tests.test_salud_correos_iter17.TestContactosEmails" name="test_emails_empty_query" time="0.055" /><testcase classname="tests.test_salud_correos_iter17.TestFolderSendEmailPreview" name="test_preview_subject_prefix" time="0.113" /><testcase classname="tests.test_salud_correos_iter17.TestRegressions" name="test_smtp_log" time="0.053" /><testcase classname="tests.test_salud_correos_iter17.TestRegressions" name="test_gastos_log" time="0.060" /></testsuite></testsuites>