<?xml version="1.0" encoding="utf-8"?><testsuites name="pytest tests"><testsuite name="pytest" errors="0" failures="0" skipped="0" tests="20" time="4.564" timestamp="2026-08-21T23:53:58.035224+00:00" hostname="agent-env-d69167eb-0e04-44d6-9f32-8385608115ed"><testcase classname="tests.test_iter57_ventas.TestRoundRobin" name="test_1_solicitud_a_yerile" time="0.801" /><testcase classname="tests.test_iter57_ventas.TestRoundRobin" name="test_2_solicitud_b_deysi" time="0.011" /><testcase classname="tests.test_iter57_ventas.TestRoundRobin" name="test_3_solicitud_c_yerile" time="0.009" /><testcase classname="tests.test_iter57_ventas.TestRoundRobin" name="test_4_sin_entrega_inmediata" time="0.015" /><testcase classname="tests.test_iter57_ventas.TestRoundRobin" name="test_5_sin_rut" time="0.007" /><testcase classname="tests.test_iter57_ventas.TestPaneles" name="test_panel_yerile" time="0.008" /><testcase classname="tests.test_iter57_ventas.TestPaneles" name="test_panel_deysi" time="0.005" /><testcase classname="tests.test_iter57_ventas.TestPaneles" name="test_panel_inexistente" time="0.004" /><testcase classname="tests.test_iter57_ventas.TestPaneles" name="test_panel_sin_token" time="0.002" /><testcase classname="tests.test_iter57_ventas.TestGestion" name="test_contacto_sin_nota" time="0.008" /><testcase classname="tests.test_iter57_ventas.TestGestion" name="test_contacto_ok" time="0.018" /><testcase classname="tests.test_iter57_ventas.TestGestion" name="test_estado_invalido" time="0.015" /><testcase classname="tests.test_iter57_ventas.TestGestion" name="test_estado_ok" time="0.011" /><testcase classname="tests.test_iter57_ventas.TestGestion" name="test_reporte_admin" time="0.008" /><testcase classname="tests.test_iter57_ventas.TestReglaOroEnVentas" name="test_subir_pdf_rut_distinto_409" time="3.203" /><testcase classname="tests.test_iter57_ventas.TestRenombreDaniela" name="test_login_daniela_ok" time="0.000" /><testcase classname="tests.test_iter57_ventas.TestRenombreDaniela" name="test_login_victoria_antiguo_falla" time="0.004" /><testcase classname="tests.test_iter57_ventas.TestRenombreDaniela" name="test_daniela_solo_modulo_victoria" time="0.227" /><testcase classname="tests.test_iter57_ventas.TestDemos" name="test_demo_victoria" time="0.068" /><testcase classname="tests.test_iter57_ventas.TestDemos" name="test_demo_ventas" time="0.060" /></testsuite></testsuites>