<?xml version="1.0" encoding="utf-8"?><testsuites name="pytest tests"><testsuite name="pytest" errors="0" failures="0" skipped="0" tests="6" time="1.479" timestamp="2026-08-17T21:22:31.335218+00:00" hostname="agent-env-e547768a-060a-462b-9c2f-75e3bb68ccd9"><testcase classname="tests.test_iteration_37" name="test_supercarpeta_returns_clientes" time="0.412" /><testcase classname="tests.test_iteration_37" name="test_notas_field_present_on_each_cliente" time="0.000" /><testcase classname="tests.test_iteration_37" name="test_ruben_zabala_has_note" time="0.000" /><testcase classname="tests.test_iteration_37" name="test_nota_invalid_hito_returns_400" time="0.154" /><testcase classname="tests.test_iteration_37" name="test_nota_texto_vacio_returns_400" time="0.191" /><testcase classname="tests.test_iteration_37" name="test_add_nota_to_carlos_salgado_and_verify_persistence" time="0.662" /></testsuite></testsuites>