<?xml version="1.0" encoding="utf-8"?><testsuites name="pytest tests"><testsuite name="pytest" errors="0" failures="0" skipped="0" tests="10" time="96.700" timestamp="2026-08-21T05:53:20.475103+00:00" hostname="agent-env-d69167eb-0e04-44d6-9f32-8385608115ed"><testcase classname="tests.test_iter51_constitucional.TestClasificar" name="test_rechazo_no_cumple_requisitos" time="0.230" /><testcase classname="tests.test_iter51_constitucional.TestClasificar" name="test_rechazo_pasado_en_carga" time="0.000" /><testcase classname="tests.test_iter51_constitucional.TestClasificar" name="test_rechazo_sobreendeudado" time="0.000" /><testcase classname="tests.test_iter51_constitucional.TestClasificar" name="test_rechazo_renta_insuficiente" time="0.000" /><testcase classname="tests.test_iter51_constitucional.TestClasificar" name="test_aprobacion" time="0.000" /><testcase classname="tests.test_iter51_constitucional.TestBloqueoDestinoPrueba" name="test_bloquea_qa_audit_test_cl" time="0.006" /><testcase classname="tests.test_iter51_constitucional.TestAPIRegresion" name="test_normativas_contiene_flujo_y_visualizador" time="0.359" /><testcase classname="tests.test_iter51_constitucional" name="test_flujo_constitucional_reenvio_gerardo" time="95.861" /><testcase classname="tests.test_iter51_constitucional.TestAPIRegresion" name="test_resumen_diario_estado" time="0.099" /><testcase classname="tests.test_iter51_constitucional.TestAPIRegresion" name="test_visualizador_estado" time="0.108" /></testsuite></testsuites>