<?xml version="1.0" encoding="utf-8"?><testsuites name="pytest tests"><testsuite name="pytest" errors="0" failures="0" skipped="0" tests="13" time="2.730" timestamp="2026-08-21T00:14:44.590651+00:00" hostname="agent-env-d69167eb-0e04-44d6-9f32-8385608115ed"><testcase classname="tests.test_carpetas_resultado.TestResultadoEjecutivo" name="test_resultado_aprobado" time="0.339" /><testcase classname="tests.test_carpetas_resultado.TestDescartarConsiderar" name="test_descartar_folder" time="0.386" /><testcase classname="tests.test_carpetas_resultado.TestResultadoEjecutivo" name="test_resultado_reprobado" time="0.182" /><testcase classname="tests.test_carpetas_resultado.TestDescartarConsiderar" name="test_calendar_dia_shows_descartada_flag" time="0.268" /><testcase classname="tests.test_carpetas_resultado.TestResultadoEjecutivo" name="test_resultado_sin_simulacion" time="0.762" /><testcase classname="tests.test_carpetas_resultado.TestDescartarConsiderar" name="test_calendar_mes_excludes_descartada" time="0.412" /><testcase classname="tests.test_carpetas_resultado.TestDescartarConsiderar" name="test_considerar_reactiva" time="0.186" /><testcase classname="tests.test_carpetas_resultado.TestDescartarConsiderar" name="test_considerar_reprobado_folder_leave_active" time="0.126" /><testcase classname="tests.test_carpetas_resultado.TestResultadoEjecutivo" name="test_enviar_aprobado_sin_pdfs_returns_409" time="0.150" /><testcase classname="tests.test_carpetas_resultado.TestDescartarConsiderar" name="test_descartar_folder_not_found" time="0.147" /><testcase classname="tests.test_carpetas_resultado.TestWidgetCorreos" name="test_widget_admin" time="0.245" /><testcase classname="tests.test_carpetas_resultado.TestWidgetCorreos" name="test_widget_broker_403" time="0.494" /><testcase classname="tests.test_carpetas_resultado.TestWidgetCorreos" name="test_no_tomar_not_found" time="0.232" /></testsuite></testsuites>