<?xml version="1.0" encoding="utf-8"?><testsuites name="pytest tests"><testsuite name="pytest" errors="0" failures="2" skipped="0" tests="11" time="9.206" timestamp="2026-08-14T16:57:55.525374+00:00" hostname="agent-env-e547768a-060a-462b-9c2f-75e3bb68ccd9"><testcase classname="tests.test_iteration_34" name="test_supercarpeta_agosto_17_clientes" time="0.383"><failure message="AssertionError: falta meses en proyeccion: ['meta_uf', 'suma_uf', 'avance_pct', 'diferencia_uf', 'alerta_diferencia', 'pendientes_monto', 'broker', 'avance_promedio', 'uf_en_avance', 'uf_cerradas', 'pct_global']&#10;assert 'meses' in {'meta_uf': 41717, 'suma_uf': 39717.0, 'avance_pct': 95.2, 'diferencia_uf': 2000.0, ...}">tests/test_iteration_34.py:51: in test_supercarpeta_agosto_17_clientes
    assert k in proy, f"falta {k} en proyeccion: {list(proy.keys())}"
E   AssertionError: falta meses en proyeccion: ['meta_uf', 'suma_uf', 'avance_pct', 'diferencia_uf', 'alerta_diferencia', 'pendientes_monto', 'broker', 'avance_promedio', 'uf_en_avance', 'uf_cerradas', 'pct_global']
E   assert 'meses' in {'meta_uf': 41717, 'suma_uf': 39717.0, 'avance_pct': 95.2, 'diferencia_uf': 2000.0, ...}</failure></testcase><testcase classname="tests.test_iteration_34" name="test_supercarpeta_septiembre_vacio" time="0.146" /><testcase classname="tests.test_iteration_34" name="test_cliente_prueba_solo_en_septiembre" time="0.503" /><testcase classname="tests.test_iteration_34" name="test_mes_siguiente_y_eliminar" time="0.478" /><testcase classname="tests.test_iteration_34" name="test_manual_rut_invalido" time="0.407" /><testcase classname="tests.test_iteration_34" name="test_manual_ciudad_reversible" time="0.471" /><testcase classname="tests.test_iteration_34" name="test_manual_acepta_nombre_y_subsidio" time="0.376" /><testcase classname="tests.test_iteration_34" name="test_cuenta_barrido_flow" time="5.716" /><testcase classname="tests.test_iteration_34" name="test_auditoria_boveda_get" time="0.171"><failure message="AssertionError: ruts_encontrados=[{'cliente': 'CARLOS SALGADO', 'rut': '13.820.383-2', 'fuente': 'ficha ADN_CLIENTES_360'}]&#10;assert ([{'cliente': 'CARLOS SALGADO', 'rut': '13.820.383-2', 'fuente': 'ficha ADN_CLIENTES_360'}] == 7 or (True and 1 == 7))&#10; +  where True = isinstance([{'cliente': 'CARLOS SALGADO', 'rut': '13.820.383-2', 'fuente': 'ficha ADN_CLIENTES_360'}], list)&#10; +  and   1 = len([{'cliente': 'CARLOS SALGADO', 'rut': '13.820.383-2', 'fuente': 'ficha ADN_CLIENTES_360'}])">tests/test_iteration_34.py:200: in test_auditoria_boveda_get
    assert ruts == 7 or (isinstance(ruts, list) and len(ruts) == 7), f"ruts_encontrados={ruts}"
E   AssertionError: ruts_encontrados=[{'cliente': 'CARLOS SALGADO', 'rut': '13.820.383-2', 'fuente': 'ficha ADN_CLIENTES_360'}]
E   assert ([{'cliente': 'CARLOS SALGADO', 'rut': '13.820.383-2', 'fuente': 'ficha ADN_CLIENTES_360'}] == 7 or (True and 1 == 7))
E    +  where True = isinstance([{'cliente': 'CARLOS SALGADO', 'rut': '13.820.383-2', 'fuente': 'ficha ADN_CLIENTES_360'}], list)
E    +  and   1 = len([{'cliente': 'CARLOS SALGADO', 'rut': '13.820.383-2', 'fuente': 'ficha ADN_CLIENTES_360'}])</failure></testcase><testcase classname="tests.test_iteration_34" name="test_gerencia_cartera_campos_nuevos" time="0.152" /><testcase classname="tests.test_iteration_34" name="test_no_firma_falsa" time="0.290" /></testsuite></testsuites>