<?xml version="1.0" encoding="utf-8"?><testsuites name="pytest tests"><testsuite name="pytest" errors="0" failures="0" skipped="0" tests="15" time="2.927" timestamp="2026-08-19T05:49:10.584203+00:00" hostname="agent-env-e547768a-060a-462b-9c2f-75e3bb68ccd9"><testcase classname="tests.test_iter41" name="test_vision_operaciones" time="0.307" /><testcase classname="tests.test_iter41" name="test_ejecutivos_desempeno" time="0.116" /><testcase classname="tests.test_iter41" name="test_ejecutivos_put_admin" time="0.103" /><testcase classname="tests.test_iter41" name="test_ejecutivos_put_forbidden" time="0.455" /><testcase classname="tests.test_iter41" name="test_correo_destinatarios_list" time="0.098" /><testcase classname="tests.test_iter41" name="test_correo_destinatarios_invalid_email" time="0.203" /><testcase classname="tests.test_iter41" name="test_correo_destinatarios_forbidden" time="0.115" /><testcase classname="tests.test_iter41" name="test_admin_verificar_password_ok" time="0.103" /><testcase classname="tests.test_iter41" name="test_admin_verificar_password_bad" time="0.109" /><testcase classname="tests.test_iter41" name="test_admin_verificar_password_forbidden" time="0.433" /><testcase classname="tests.test_iter41" name="test_adn_helice_estado_admin" time="0.101" /><testcase classname="tests.test_iter41" name="test_adn_helice_estado_gerencia" time="0.119" /><testcase classname="tests.test_iter41" name="test_adn_helice_estado_forbidden" time="0.096" /><testcase classname="tests.test_iter41" name="test_espejo_hibrido_estado_admin" time="0.115" /><testcase classname="tests.test_iter41" name="test_espejo_hibrido_barrido" time="0.127" /></testsuite></testsuites>