<?xml version="1.0" encoding="utf-8"?><testsuites name="pytest tests"><testsuite name="pytest" errors="0" failures="1" skipped="0" tests="13" time="3.566" timestamp="2026-08-17T17:58:16.201487+00:00" hostname="agent-env-e547768a-060a-462b-9c2f-75e3bb68ccd9"><testcase classname="tests.test_iteration_36" name="test_supercarpeta_18_clientes" time="0.524" /><testcase classname="tests.test_iteration_36" name="test_cbr_estado" time="0.244" /><testcase classname="tests.test_iteration_36" name="test_cbr_excel_primera_columna_numero" time="0.361" /><testcase classname="tests.test_iteration_36" name="test_matriz_carlos_nueva_con_subsidio" time="0.164" /><testcase classname="tests.test_iteration_36" name="test_matriz_usada_sin_subsidio_alternativas" time="0.128" /><testcase classname="tests.test_iteration_36" name="test_matriz_usada_sin_subsidio_carta_pie" time="0.179" /><testcase classname="tests.test_iteration_36" name="test_envio_para_vacio_400" time="0.172" /><testcase classname="tests.test_iteration_36" name="test_envio_falta_resolucion_400" time="0.196" /><testcase classname="tests.test_iteration_36" name="test_bloqueo_inmobiliaria_no_registrada_409_luego_reversion" time="0.320" /><testcase classname="tests.test_iteration_36" name="test_fuentes_panel" time="0.353"><failure message="AssertionError: [None, None, None]&#10;assert None is not None">tests/test_iteration_36.py:163: in test_fuentes_panel
    assert boetch is not None, [i.get("nombre") for i in inmobs]
E   AssertionError: [None, None, None]
E   assert None is not None</failure></testcase><testcase classname="tests.test_iteration_36" name="test_fuentes_verificar_boetch_ok" time="0.127" /><testcase classname="tests.test_iteration_36" name="test_fuentes_verificar_broker_inexistente" time="0.216" /><testcase classname="tests.test_iteration_36" name="test_vendedores_usada_set_get_cleanup" time="0.490" /></testsuite></testsuites>