<?xml version="1.0" encoding="utf-8"?><testsuites name="pytest tests"><testsuite name="pytest" errors="0" failures="0" skipped="0" tests="9" time="8.237" timestamp="2026-08-14T06:49:02.712005+00:00" hostname="agent-env-e547768a-060a-462b-9c2f-75e3bb68ccd9"><testcase classname="tests.test_iteration_32" name="test_adn_estado" time="0.294" /><testcase classname="tests.test_iteration_32" name="test_adn_expediente_admin_carlos" time="0.128" /><testcase classname="tests.test_iteration_32" name="test_adn_expediente_broker_privacidad" time="0.124" /><testcase classname="tests.test_iteration_32" name="test_adn_buscar_broker_cartera_propia" time="0.147" /><testcase classname="tests.test_iteration_32" name="test_adn_buscar_admin_global" time="0.096" /><testcase classname="tests.test_iteration_32" name="test_adn_volcar_broker_403" time="0.120" /><testcase classname="tests.test_iteration_32" name="test_adn_succionar_rut_inexistente" time="0.102" /><testcase classname="tests.test_iteration_32" name="test_supercarpeta_v2_fields" time="0.168" /><testcase classname="tests.test_iteration_32" name="test_auditoria_real" time="6.985" /></testsuite></testsuites>