<?xml version="1.0" encoding="utf-8"?><testsuites name="pytest tests"><testsuite name="pytest" errors="0" failures="0" skipped="0" tests="8" time="0.743" timestamp="2026-08-04T03:03:34.214245+00:00" hostname="agent-env-e547768a-060a-462b-9c2f-75e3bb68ccd9"><testcase classname="tests.test_iter22_multicorreo_reparos" name="test_api_root" time="0.121" /><testcase classname="tests.test_iter22_multicorreo_reparos.TestGastosMultiCorreo" name="test_preview_dedupe_and_body" time="0.109" /><testcase classname="tests.test_iter22_multicorreo_reparos.TestGastosMultiCorreo" name="test_preview_empty_extras" time="0.106" /><testcase classname="tests.test_iter22_multicorreo_reparos.TestGastosMultiCorreo" name="test_preview_list_form" time="0.102" /><testcase classname="tests.test_iter22_multicorreo_reparos.TestReparosGet" name="test_reparos_endpoint_no_500" time="0.243" /><testcase classname="tests.test_iter22_multicorreo_reparos" name="test_reparos_cc_includes_participantes" time="0.003" /><testcase classname="tests.test_iter22_multicorreo_reparos" name="test_procesar_reparos_captura_participantes" time="0.002" /><testcase classname="tests.test_iter22_multicorreo_reparos" name="test_email_service_to_cc_emails" time="0.000" /></testsuite></testsuites>