<?xml version="1.0" encoding="utf-8"?><testsuites name="pytest tests"><testsuite name="pytest" errors="0" failures="0" skipped="0" tests="10" time="118.879" timestamp="2026-08-21T05:36:34.817573+00:00" hostname="agent-env-d69167eb-0e04-44d6-9f32-8385608115ed"><testcase classname="tests.test_iter51_normativa_correos" name="test_1_normativas_flujo_aprobacion_y_correos" time="0.237" /><testcase classname="tests.test_iter51_normativa_correos" name="test_2_bloqueo_destino_test_cl" time="0.003" /><testcase classname="tests.test_iter51_normativa_correos" name="test_3_clasificar_rechazo_y_aprobacion" time="0.236" /><testcase classname="tests.test_iter51_normativa_correos" name="test_4_parse_full_message_html" time="0.001" /><testcase classname="tests.test_iter51_normativa_correos" name="test_5_flujo_constitucional_aprobacion" time="117.696" /><testcase classname="tests.test_iter51_normativa_correos" name="test_6_interruptor_maestro_envios_automaticos_false" time="0.005" /><testcase classname="tests.test_iter51_normativa_correos" name="test_7a_resumen_diario_estado" time="0.228" /><testcase classname="tests.test_iter51_normativa_correos" name="test_7b_espejo_ia_modelo" time="0.229" /><testcase classname="tests.test_iter51_normativa_correos" name="test_7c_visualizador_estado" time="0.164" /><testcase classname="tests.test_iter51_normativa_correos" name="test_8_folders_sin_dominios_prueba" time="0.020" /></testsuite></testsuites>