<?xml version="1.0" encoding="utf-8"?><testsuites name="pytest tests"><testsuite name="pytest" errors="0" failures="0" skipped="0" tests="4" time="1.209" timestamp="2026-08-02T20:50:07.212330+00:00" hostname="agent-env-e547768a-060a-462b-9c2f-75e3bb68ccd9"><testcase classname="tests.test_iter8_new_features" name="test_actividad_terminada_tasacion_true_then_false_then_invalid" time="0.501" /><testcase classname="tests.test_iter8_new_features" name="test_fecha_entrega_patch_and_read" time="0.452" /><testcase classname="tests.test_iter8_new_features" name="test_tasacion_preview_contains_new_fields" time="0.097" /><testcase classname="tests.test_iter8_new_features" name="test_gastos_defaults_datos_pago" time="0.104" /></testsuite></testsuites>