<?xml version="1.0" encoding="utf-8"?><testsuites name="pytest tests"><testsuite name="pytest" errors="0" failures="0" skipped="0" tests="5" time="1.724" timestamp="2026-08-14T17:52:13.029963+00:00" hostname="agent-env-e547768a-060a-462b-9c2f-75e3bb68ccd9"><testcase classname="tests.test_iteration_35" name="test_gestion_panel" time="0.315" /><testcase classname="tests.test_iteration_35" name="test_gestion_fuentes_agregar_quitar" time="0.478" /><testcase classname="tests.test_iteration_35" name="test_remitentes_detectados_full_flow" time="0.429" /><testcase classname="tests.test_iteration_35" name="test_supercarpeta_agosto_17" time="0.205" /><testcase classname="tests.test_iteration_35" name="test_gerencia_cartera_17" time="0.164" /></testsuite></testsuites>