<?xml version="1.0" encoding="utf-8"?><testsuites name="pytest tests"><testsuite name="pytest" errors="0" failures="0" skipped="0" tests="7" time="10.780" timestamp="2026-08-02T21:26:09.792142+00:00" hostname="agent-env-e547768a-060a-462b-9c2f-75e3bb68ccd9"><testcase classname="tests.test_iter10_features.TestRegresionAutoFaltantes" name="test_no_call_to_enviar_faltantes_auto" time="0.002" /><testcase classname="tests.test_iter10_features.TestSyncAprobacionZurita" name="test_sync_endpoint_ok" time="10.576" /><testcase classname="tests.test_iter10_features.TestSyncAprobacionZurita" name="test_pdfs_exist_in_99_otros" time="0.000" /><testcase classname="tests.test_iter10_features.TestSyncAprobacionZurita" name="test_aprobacion_cliente_archivos_lista_tipos" time="0.049" /><testcase classname="tests.test_iter10_features.TestMesaFechaEntrega" name="test_ernesto_subject_body_incluye_entrega" time="0.048" /><testcase classname="tests.test_iter10_features.TestMesaFechaEntrega" name="test_missing_docs_no_incluye_fecha_entrega_cuando_esta_seteada" time="0.044" /><testcase classname="tests.test_iter10_features.TestCodeStaticFechaEntrega" name="test_missing_labels_incluye_fecha_entrega_si_falta" time="0.003" /></testsuite></testsuites>