<?xml version="1.0" encoding="utf-8"?><testsuites name="pytest tests"><testsuite name="pytest" errors="0" failures="1" skipped="0" tests="22" time="14.912" timestamp="2026-08-14T15:20:10.883870+00:00" hostname="agent-env-e547768a-060a-462b-9c2f-75e3bb68ccd9"><testcase classname="tests.test_iteration_33" name="test_login_ok" time="10.264" /><testcase classname="tests.test_iteration_33" name="test_supercarpeta_total_17" time="0.234" /><testcase classname="tests.test_iteration_33" name="test_supercarpeta_meta_uf" time="0.000" /><testcase classname="tests.test_iteration_33" name="test_supercarpeta_jose_olivares_sin_monto" time="0.000" /><testcase classname="tests.test_iteration_33" name="test_supercarpeta_broker_default" time="0.000" /><testcase classname="tests.test_iteration_33" name="test_supercarpeta_inmobiliaria_no_vacia" time="0.000" /><testcase classname="tests.test_iteration_33" name="test_supercarpeta_campos_obligatorios" time="0.000" /><testcase classname="tests.test_iteration_33" name="test_estado_manual_tasacion" time="0.436" /><testcase classname="tests.test_iteration_33" name="test_estado_manual_serviu" time="0.163" /><testcase classname="tests.test_iteration_33" name="test_estado_manual_set_credito" time="0.163" /><testcase classname="tests.test_iteration_33" name="test_estado_hito_invalido" time="0.258" /><testcase classname="tests.test_iteration_33" name="test_estado_resolver_sobreescribir" time="0.575" /><testcase classname="tests.test_iteration_33" name="test_fuentes_doc_get" time="0.150" /><testcase classname="tests.test_iteration_33" name="test_fuentes_doc_set_global" time="0.326" /><testcase classname="tests.test_iteration_33" name="test_fuentes_doc_set_cliente" time="0.305" /><testcase classname="tests.test_iteration_33" name="test_manual_ciudad" time="0.358" /><testcase classname="tests.test_iteration_33" name="test_manual_rut_dv_invalido" time="0.171"><failure message="assert 200 == 400&#10; +  where 200 = &lt;Response [200]&gt;.status_code">tests/test_iteration_33.py:191: in test_manual_rut_dv_invalido
    assert r.status_code == 400
E   assert 200 == 400
E    +  where 200 = &lt;Response [200]&gt;.status_code</failure></testcase><testcase classname="tests.test_iteration_33" name="test_manual_notaria_proyecto" time="0.306" /><testcase classname="tests.test_iteration_33" name="test_cliente_agregar_y_eliminar" time="0.672" /><testcase classname="tests.test_iteration_33" name="test_barrido_estado" time="0.114" /><testcase classname="tests.test_iteration_33" name="test_panel_endpoint_no_existe" time="0.169" /><testcase classname="tests.test_iteration_33" name="test_nota_endpoint_no_existe" time="0.153" /></testsuite></testsuites>