<?xml version="1.0" encoding="utf-8"?><testsuites name="pytest tests"><testsuite name="pytest" errors="0" failures="0" skipped="0" tests="8" time="87.975" timestamp="2026-08-31T19:08:16.774539+00:00" hostname="agent-env-d69167eb-0e04-44d6-9f32-8385608115ed"><testcase classname="tests.test_iter68_pantalla_sanitizador.TestSanitizadorPDF" name="test_sanitizar_2paginas_pag2_con_gastos_ok" time="0.072" /><testcase classname="tests.test_iter68_pantalla_sanitizador.TestSanitizadorPDF" name="test_sanitizar_todas_paginas_gastos_bloquea" time="0.002" /><testcase classname="tests.test_iter68_pantalla_sanitizador.TestRegresion" name="test_login_admin" time="0.150" /><testcase classname="tests.test_iter68_pantalla_sanitizador.TestCorreosPreview" name="test_lista_preview_estructura" time="0.418" /><testcase classname="tests.test_iter68_pantalla_sanitizador.TestRegresion" name="test_listar_folders" time="3.185" /><testcase classname="tests.test_iter68_pantalla_sanitizador.TestCorreosPreview" name="test_crear_preview_test_y_flujo_adjunto" time="3.555" /><testcase classname="tests.test_iter68_pantalla_sanitizador.TestForzarV3" name="test_forzar_antonia_matchea_carpeta_existente" time="84.033" /><testcase classname="tests.test_iter68_pantalla_sanitizador.TestMartinPermisos" name="test_get_permisos" time="0.152" /></testsuite></testsuites>