<?xml version="1.0" encoding="utf-8"?><testsuites name="pytest tests"><testsuite name="pytest" errors="0" failures="0" skipped="0" tests="15" time="3.593" timestamp="2026-08-14T02:47:50.067434+00:00" hostname="agent-env-e547768a-060a-462b-9c2f-75e3bb68ccd9"><testcase classname="tests.test_iteration_31" name="test_gerencia_cartera_carlos_boetsch" time="0.432" /><testcase classname="tests.test_iteration_31" name="test_correos_fallidos_list" time="0.103" /><testcase classname="tests.test_iteration_31" name="test_correos_briefing" time="0.120" /><testcase classname="tests.test_iteration_31" name="test_correos_reintentar_404" time="0.149" /><testcase classname="tests.test_iteration_31" name="test_regla_hierro_62_firma_bloqueo" time="0.461" /><testcase classname="tests.test_iteration_31" name="test_simular_credito_ajuste_795" time="0.001" /><testcase classname="tests.test_iteration_31" name="test_compromiso_ajuste_usada" time="0.114" /><testcase classname="tests.test_iteration_31" name="test_perfil_get" time="0.124" /><testcase classname="tests.test_iteration_31" name="test_perfil_validar" time="0.104" /><testcase classname="tests.test_iteration_31" name="test_historia_estado" time="0.133" /><testcase classname="tests.test_iteration_31" name="test_historia_iniciar_pausar" time="1.392" /><testcase classname="tests.test_iteration_31" name="test_historia_clientes" time="0.132" /><testcase classname="tests.test_iteration_31" name="test_historia_export_xlsx" time="0.109" /><testcase classname="tests.test_iteration_31" name="test_validar_rut_chileno" time="0.169" /><testcase classname="tests.test_iteration_31" name="test_constitucion_v22" time="0.001" /></testsuite></testsuites>