<?xml version="1.0" encoding="utf-8"?><testsuites name="pytest tests"><testsuite name="pytest" errors="0" failures="0" skipped="0" tests="18" time="10.382" timestamp="2026-08-21T22:33:33.876797+00:00" hostname="agent-env-d69167eb-0e04-44d6-9f32-8385608115ed"><testcase classname="tests.test_iter56_victoria_regla15.TestRegla15" name="test_subir_ok_datos_coinciden" time="5.926" /><testcase classname="tests.test_iter56_victoria_regla15.TestRegla15" name="test_subir_bloqueado_409_datos_no_coinciden" time="0.994" /><testcase classname="tests.test_iter56_victoria_regla15.TestPin" name="test_pin_formato_invalido" time="0.004" /><testcase classname="tests.test_iter56_victoria_regla15.TestPin" name="test_pin_crear_ok" time="0.239" /><testcase classname="tests.test_iter56_victoria_regla15.TestPin" name="test_forzar_subida_pin_incorrecto" time="1.819" /><testcase classname="tests.test_iter56_victoria_regla15.TestPin" name="test_forzar_subida_pin_correcto" time="1.093" /><testcase classname="tests.test_iter56_victoria_regla15.TestPin" name="test_dashboard_evento_manual_forzado" time="0.013" /><testcase classname="tests.test_iter56_victoria_regla15.TestCuarentena" name="test_dashboard_lista_cuarentena" time="0.015" /><testcase classname="tests.test_iter56_victoria_regla15.TestCuarentena" name="test_revalidar_asocia" time="0.010" /><testcase classname="tests.test_iter56_victoria_regla15.TestCuarentena" name="test_asignar_bloqueado_para_cuarentena" time="0.008" /><testcase classname="tests.test_iter56_victoria_regla15.TestCuarentena" name="test_descartar_sin_motivo" time="0.023" /><testcase classname="tests.test_iter56_victoria_regla15.TestTrazabilidad" name="test_origen_dato_rut_titular" time="0.007" /><testcase classname="tests.test_iter56_victoria_regla15.TestTrazabilidad" name="test_origen_dato_campo_invalido" time="0.003" /><testcase classname="tests.test_iter56_victoria_regla15.TestTrazabilidad" name="test_documento_envio_traz_y_postmessage" time="0.005" /><testcase classname="tests.test_iter56_victoria_regla15.TestDemo" name="test_demo_video_ok" time="0.041" /><testcase classname="tests.test_iter56_victoria_regla15.TestDemo" name="test_demo_video_sin_token" time="0.002" /><testcase classname="tests.test_iter56_victoria_regla15.TestRegresion" name="test_dashboard_kpis_estructura" time="0.015" /><testcase classname="tests.test_iter56_victoria_regla15.TestRegresion" name="test_ficha_cliente_stepper" time="0.011" /></testsuite></testsuites>