<?xml version="1.0" encoding="utf-8"?><testsuites name="pytest tests"><testsuite name="pytest" errors="0" failures="0" skipped="0" tests="14" time="1.664" timestamp="2026-08-03T05:27:18.466025+00:00" hostname="agent-env-e547768a-060a-462b-9c2f-75e3bb68ccd9"><testcase classname="tests.test_iter13_features" name="test_send_email_preview_no_persiste_ejecutivo" time="0.566" /><testcase classname="tests.test_iter13_features" name="test_tasacion_subject_incluye_nombre" time="0.102" /><testcase classname="tests.test_iter13_features" name="test_tasacion_subject_sin_folder_id" time="0.133" /><testcase classname="tests.test_iter13_features" name="test_mesa_respuesta_aprobada_por_carta[LUIS GUERRERO]" time="0.137" /><testcase classname="tests.test_iter13_features" name="test_mesa_respuesta_aprobada_por_carta[JAVIERA SALGADO]" time="0.000" /><testcase classname="tests.test_iter13_features" name="test_mesa_respuesta_aprobada_por_carta[CATALINA CASTILLO]" time="0.000" /><testcase classname="tests.test_iter13_features" name="test_mesa_respuesta_aprobada_por_carta[FRANCISCA DIAZ]" time="0.000" /><testcase classname="tests.test_iter13_features" name="test_mesa_respuesta_aprobada_por_carta[CLAUDIA ANDREA ZURITA SOTO]" time="0.000" /><testcase classname="tests.test_iter13_features" name="test_estudio_etapa2_ok" time="0.129" /><testcase classname="tests.test_iter13_features" name="test_estudio_etapa2_sin_docs_400" time="0.098" /><testcase classname="tests.test_iter13_features" name="test_estudio_enviar_vendedor_email_primero" time="0.103" /><testcase classname="tests.test_iter13_features" name="test_folders_light_regresion" time="0.097" /><testcase classname="tests.test_iter13_features" name="test_folders_regresion" time="0.135" /><testcase classname="tests.test_iter13_features" name="test_gastos_prefill_regresion" time="0.097" /></testsuite></testsuites>