<?xml version="1.0" encoding="utf-8"?><testsuites name="pytest tests"><testsuite name="pytest" errors="0" failures="0" skipped="0" tests="8" time="3.759" timestamp="2026-08-03T21:30:43.096020+00:00" hostname="agent-env-e547768a-060a-462b-9c2f-75e3bb68ccd9"><testcase classname="" name="test_folders_light_melisa" time="0.243" /><testcase classname="" name="test_seguimiento_clientes" time="0.077" /><testcase classname="" name="test_seguimiento_excel" time="2.447" /><testcase classname="" name="test_gastos_log_fields" time="0.074" /><testcase classname="" name="test_gastos_pago_lifecycle" time="0.430" /><testcase classname="" name="test_gastos_pago_invalid" time="0.249" /><testcase classname="" name="test_smtp_log" time="0.086" /><testcase classname="" name="test_autocorreo_status" time="0.075" /></testsuite></testsuites>