<?xml version="1.0" encoding="utf-8"?><testsuites name="pytest tests"><testsuite name="pytest" errors="0" failures="0" skipped="0" tests="13" time="95.134" timestamp="2026-08-26T01:45:22.768857+00:00" hostname="agent-env-d69167eb-0e04-44d6-9f32-8385608115ed"><testcase classname="tests.test_iter63_carpetas_fix" name="test_recuperar_perdidos_endpoint" time="0.379" /><testcase classname="tests.test_iter63_carpetas_fix" name="test_regla_solicitud_ok_flexible_3_docs" time="0.745" /><testcase classname="tests.test_iter63_carpetas_fix" name="test_regla_solicitud_ok_rechaza_1_doc_sin_frase" time="0.000" /><testcase classname="tests.test_iter63_carpetas_fix" name="test_bsdtar_binary_disponible" time="0.000" /><testcase classname="tests.test_iter63_carpetas_fix" name="test_expandir_zip_con_pdf_interno" time="0.001" /><testcase classname="tests.test_iter63_carpetas_fix" name="test_expandir_zip_rar_corrupto_no_explota" time="0.012" /><testcase classname="tests.test_iter63_carpetas_fix" name="test_scan_archivos_restaura_desde_bunker" time="0.210" /><testcase classname="tests.test_iter63_carpetas_fix" name="test_refetch_adjuntos_correo_real" time="63.354" /><testcase classname="tests.test_iter63_carpetas_fix" name="test_reevaluacion_sin_shutil_rmtree_ni_delete_one" time="0.002" /><testcase classname="tests.test_iter63_carpetas_fix" name="test_regresion_endpoints_get[/api/central/dashboard-batch]" time="20.854" /><testcase classname="tests.test_iter63_carpetas_fix" name="test_regresion_endpoints_get[/api/carpetas/faltantes]" time="0.207" /><testcase classname="tests.test_iter63_carpetas_fix" name="test_regresion_endpoints_get[/api/clientes/folders]" time="7.932" /><testcase classname="tests.test_iter63_carpetas_fix" name="test_lectura_post_bloqueado" time="0.585" /></testsuite></testsuites>