<?xml version="1.0" encoding="utf-8"?><testsuites name="pytest tests"><testsuite name="pytest" errors="0" failures="0" skipped="0" tests="8" time="0.796" timestamp="2026-08-02T21:25:07.242878+00:00" hostname="agent-env-e547768a-060a-462b-9c2f-75e3bb68ccd9"><testcase classname="tests.test_iter9_features.TestHistorial" name="test_historial_ernesto" time="0.200" /><testcase classname="tests.test_iter9_features.TestGastosCLP" name="test_preview_incluye_total_clp" time="0.129" /><testcase classname="tests.test_iter9_features.TestActividadTerminadaOrigen" name="test_tasacion_terminada_manual_origen" time="0.400" /><testcase classname="tests.test_iter9_features.TestCodeStatic" name="test_actividades_terminadas_loop_registered" time="0.002" /><testcase classname="tests.test_iter9_features.TestCodeStatic" name="test_faltantes_recordatorio_loop_commented" time="0.003" /><testcase classname="tests.test_iter9_features.TestCodeStatic" name="test_auto_faltantes_disabled_in_proc_upload_drive" time="0.002" /><testcase classname="tests.test_iter9_features.TestCodeStatic" name="test_buscar_tasacion_terminada_imap_exists" time="0.002" /><testcase classname="tests.test_iter9_features.TestCodeStatic" name="test_procesar_reparos_sets_estudio_terminado" time="0.002" /></testsuite></testsuites>