<?xml version="1.0" encoding="utf-8"?><testsuites name="pytest tests"><testsuite name="pytest" errors="0" failures="0" skipped="0" tests="12" time="1.075" timestamp="2026-08-01T21:02:53.376228+00:00" hostname="agent-env-e547768a-060a-462b-9c2f-75e3bb68ccd9"><testcase classname="tests.test_reparos_cobros_marca.TestReparos" name="test_get_reparos" time="0.129" /><testcase classname="tests.test_reparos_cobros_marca.TestReparos" name="test_toggle_item2_and_restore" time="0.185" /><testcase classname="tests.test_reparos_cobros_marca.TestCobrosTasacion" name="test_listado" time="0.048" /><testcase classname="tests.test_reparos_cobros_marca.TestCobrosTasacion" name="test_historial" time="0.046" /><testcase classname="tests.test_reparos_cobros_marca.TestCobrosTasacion" name="test_manual_preview" time="0.047" /><testcase classname="tests.test_reparos_cobros_marca.TestMarcaCorreos" name="test_gastos_operacionales_enviar_no_cc" time="0.046" /><testcase classname="tests.test_reparos_cobros_marca.TestMarcaCorreos" name="test_tasacion_enviar_marca" time="0.044" /><testcase classname="tests.test_reparos_cobros_marca.TestMarcaCorreos" name="test_estudio_titulo_enviar_marca" time="0.044" /><testcase classname="tests.test_reparos_cobros_marca.TestMarcaCorreos" name="test_escritura_enviar_marca" time="0.045" /><testcase classname="tests.test_reparos_cobros_marca.TestMarcaCorreos" name="test_pedir_faltantes_marca" time="0.047" /><testcase classname="tests.test_reparos_cobros_marca.TestVoucherUpload" name="test_voucher_tasacion" time="0.196" /><testcase classname="tests.test_reparos_cobros_marca.TestVoucherUpload" name="test_voucher_gasto_op" time="0.146" /></testsuite></testsuites>