<?xml version="1.0" encoding="utf-8"?><testsuites name="pytest tests"><testsuite name="pytest" errors="0" failures="0" skipped="0" tests="9" time="1.985" timestamp="2026-08-21T01:14:39.909718+00:00" hostname="agent-env-d69167eb-0e04-44d6-9f32-8385608115ed"><testcase classname="tests.test_iter50_panel_estado" name="test_panel_estado_eduar" time="0.414" /><testcase classname="tests.test_iter50_panel_estado" name="test_panel_estado_404" time="0.151" /><testcase classname="tests.test_iter50_panel_estado" name="test_normativas_nuevas_en_dashai" time="0.087" /><testcase classname="tests.test_iter50_panel_estado" name="test_calendario_mes" time="0.120" /><testcase classname="tests.test_iter50_panel_estado" name="test_calendario_dia" time="0.183" /><testcase classname="tests.test_iter50_panel_estado" name="test_widget_correos_hoy_admin" time="0.137" /><testcase classname="tests.test_iter50_panel_estado" name="test_widget_correos_hoy_broker_403" time="0.552" /><testcase classname="tests.test_iter50_panel_estado" name="test_escrituracion_token_invalido_publico" time="0.127" /><testcase classname="tests.test_iter50_panel_estado" name="test_verificar_pin_maestro_ok" time="0.160" /></testsuite></testsuites>