<?xml version="1.0" encoding="utf-8"?><testsuites name="pytest tests"><testsuite name="pytest" errors="0" failures="1" skipped="0" tests="17" time="23.923" timestamp="2026-07-28T02:47:03.681867+00:00" hostname="agent-env-e547768a-060a-462b-9c2f-75e3bb68ccd9"><testcase classname="tests.test_gastos_uf_reportes.TestGastosDefaults" name="test_get_defaults" time="0.248" /><testcase classname="tests.test_gastos_uf_reportes.TestGastosDefaults" name="test_patch_defaults_and_get" time="0.197" /><testcase classname="tests.test_gastos_uf_reportes.TestGastosBuscarCliente" name="test_buscar_franco" time="0.052" /><testcase classname="tests.test_gastos_uf_reportes.TestGastosBuscarCliente" name="test_buscar_short_returns_empty" time="0.045" /><testcase classname="tests.test_gastos_uf_reportes.TestGastosEnviarPreview" name="test_preview_no_confirm" time="0.095" /><testcase classname="tests.test_gastos_uf_reportes.TestGastosEnviarPreview" name="test_total_ignores_text_and_null" time="0.048" /><testcase classname="tests.test_gastos_uf_reportes.TestGastosLog" name="test_log_endpoint" time="0.048" /><testcase classname="tests.test_gastos_uf_reportes.TestUF" name="test_uf_actual_get" time="0.050" /><testcase classname="tests.test_gastos_uf_reportes.TestUF" name="test_uf_refresh_from_sii" time="0.623" /><testcase classname="tests.test_gastos_uf_reportes.TestClasificacionCartaInviolable" name="test_carta_aprobacion_by_filename" time="0.041" /><testcase classname="tests.test_gastos_uf_reportes.TestClasificacionCartaInviolable" name="test_simulador_by_filename" time="0.001"><failure message="AssertionError: got otro&#10;assert 'otro' == 'simulacion'&#10;  &#10;  - simulacion&#10;  + otro">backend/tests/test_gastos_uf_reportes.py:166: in test_simulador_by_filename
    assert r == "simulacion", f"got {r}"
E   AssertionError: got otro
E   assert 'otro' == 'simulacion'
E     
E     - simulacion
E     + otro</failure></testcase><testcase classname="tests.test_gastos_uf_reportes.TestClasificacionCartaInviolable" name="test_carta_nunca_es_simulacion" time="0.000" /><testcase classname="tests.test_gastos_uf_reportes.TestAutocorreoStatus" name="test_status_recent_estructura" time="22.118" /><testcase classname="tests.test_gastos_uf_reportes.TestReporteDiario" name="test_status" time="0.054" /><testcase classname="tests.test_gastos_uf_reportes.TestReporteDiario" name="test_preview" time="0.048" /><testcase classname="tests.test_gastos_uf_reportes.TestReporteDiario" name="test_toggle_hora_10" time="0.101" /><testcase classname="tests.test_gastos_uf_reportes.TestProcesamientoAuto" name="test_status" time="0.049" /></testsuite></testsuites>