<?xml version="1.0" encoding="utf-8"?><testsuites name="pytest tests"><testsuite name="pytest" errors="0" failures="0" skipped="0" tests="15" time="4.035" timestamp="2026-08-04T02:25:18.216279+00:00" hostname="agent-env-e547768a-060a-462b-9c2f-75e3bb68ccd9"><testcase classname="tests.test_iter20_martin_vip.TestMartin" name="test_link" time="0.139" /><testcase classname="tests.test_iter20_martin_vip.TestMartin" name="test_simular_viable" time="0.117" /><testcase classname="tests.test_iter20_martin_vip.TestMartin" name="test_simular_no_viable" time="0.118" /><testcase classname="tests.test_iter20_martin_vip.TestMartin" name="test_simular_missing_400" time="0.123" /><testcase classname="tests.test_iter20_martin_vip.TestMartin" name="test_martin_vip_html" time="0.209" /><testcase classname="tests.test_iter20_martin_vip.TestMartin" name="test_martin_vip_404" time="0.108" /><testcase classname="tests.test_iter20_martin_vip.TestMartin" name="test_abrir_carpeta_bad_token" time="0.116" /><testcase classname="tests.test_iter20_martin_vip.TestMartin" name="test_abrir_carpeta_nombre_invalido" time="0.124" /><testcase classname="tests.test_iter20_martin_vip.TestMartin" name="test_abrir_carpeta_ok_and_cleanup" time="0.542" /><testcase classname="tests.test_iter20_martin_vip.TestInformesVIP" name="test_pdf" time="0.246" /><testcase classname="tests.test_iter20_martin_vip.TestInformesVIP" name="test_enviar" time="1.583" /><testcase classname="tests.test_iter20_martin_vip.TestRegression" name="test_endpoint_200[/api/salud/estado]" time="0.108" /><testcase classname="tests.test_iter20_martin_vip.TestRegression" name="test_endpoint_200[/api/calibracion/estado]" time="0.183" /><testcase classname="tests.test_iter20_martin_vip.TestRegression" name="test_endpoint_200[/api/rescate/pendientes]" time="0.115" /><testcase classname="tests.test_iter20_martin_vip.TestRegression" name="test_endpoint_200[/api/gastos-operacionales/log]" time="0.123" /></testsuite></testsuites>