<?xml version="1.0" encoding="utf-8"?><testsuites name="pytest tests"><testsuite name="pytest" errors="0" failures="0" skipped="0" tests="12" time="5.412" timestamp="2026-08-10T16:08:24.870451+00:00" hostname="agent-env-e547768a-060a-462b-9c2f-75e3bb68ccd9"><testcase classname="tests.test_mando_supremo" name="test_login_legado_admin" time="0.137" /><testcase classname="tests.test_mando_supremo" name="test_login_rene_maestro" time="0.352" /><testcase classname="tests.test_mando_supremo" name="test_login_rene_clave_incorrecta" time="0.345" /><testcase classname="tests.test_mando_supremo" name="test_crear_clave_rene_ya_existe" time="0.143" /><testcase classname="tests.test_mando_supremo" name="test_criterios_admin_no_puede_guardar" time="0.293" /><testcase classname="tests.test_mando_supremo" name="test_criterios_rene_clave_incorrecta" time="0.477" /><testcase classname="tests.test_mando_supremo" name="test_criterios_rene_ok_y_auditoria" time="0.613" /><testcase classname="tests.test_mando_supremo" name="test_espejo_mesa_admin_forbidden" time="0.166" /><testcase classname="tests.test_mando_supremo" name="test_espejo_mesa_rene_ok" time="0.305" /><testcase classname="tests.test_mando_supremo" name="test_supervision_listado" time="0.151" /><testcase classname="tests.test_mando_supremo" name="test_supervision_admin_forbidden" time="0.207" /><testcase classname="tests.test_mando_supremo" name="test_download_con_cookie" time="1.877" /></testsuite></testsuites>