<?xml version="1.0" encoding="utf-8"?><testsuites name="pytest tests"><testsuite name="pytest" errors="0" failures="0" skipped="0" tests="7" time="1.905" timestamp="2026-08-09T23:18:31.232549+00:00" hostname="agent-env-e547768a-060a-462b-9c2f-75e3bb68ccd9"><testcase classname="tests.test_iteration_28.TestOportunidades" name="test_listar_200_excluye_promovidos" time="0.216" /><testcase classname="tests.test_iteration_28.TestInvitacionVIP" name="test_invitacion_sin_email_400" time="0.148" /><testcase classname="tests.test_iteration_28.TestInvitacionVIP" name="test_yerile_status_invitacion_enviada" time="0.001" /><testcase classname="tests.test_iteration_28.TestPromover" name="test_promover_and_flow" time="0.456" /><testcase classname="tests.test_iteration_28.TestEscrituracion" name="test_enviar_escrituracion_from_existing_folder" time="0.474" /><testcase classname="tests.test_iteration_28.TestCalificarPortal" name="test_portal_html" time="0.123" /><testcase classname="tests.test_iteration_28.TestCalificarSubir" name="test_subir_docs_prospecto_propio" time="0.321" /></testsuite></testsuites>