<?xml version="1.0" encoding="utf-8"?><testsuites name="pytest tests"><testsuite name="pytest" errors="0" failures="0" skipped="0" tests="11" time="2.134" timestamp="2026-08-05T16:58:47.689081+00:00" hostname="agent-env-e547768a-060a-462b-9c2f-75e3bb68ccd9"><testcase classname="tests.test_regresion_blindaje" name="test_procesamiento_auto_status" time="0.007" /><testcase classname="tests.test_regresion_blindaje" name="test_clientes_folders_incluye_werner" time="0.081" /><testcase classname="tests.test_regresion_blindaje" name="test_aprobacion_archivos_werner" time="0.129" /><testcase classname="tests.test_regresion_blindaje" name="test_upload_rechaza_gastos_operacionales" time="1.431" /><testcase classname="tests.test_regresion_blindaje" name="test_upload_werner_rut_correcto_y_delete" time="0.091" /><testcase classname="tests.test_regresion_blindaje" name="test_rescate_pendientes_incluye_ley_del_rut" time="0.051" /><testcase classname="tests.test_regresion_blindaje" name="test_salud_estado" time="0.050" /><testcase classname="tests.test_regresion_blindaje" name="test_bunker_gridfs_mirror" time="0.009" /><testcase classname="tests.test_regresion_blindaje" name="test_aprobacion_plantilla" time="0.044" /><testcase classname="tests.test_regresion_blindaje" name="test_aprobacion_log" time="0.044" /><testcase classname="tests.test_regresion_blindaje" name="test_estudio_titulo_log" time="0.044" /></testsuite></testsuites>