<?xml version="1.0" encoding="utf-8"?><testsuites name="pytest tests"><testsuite name="pytest" errors="0" failures="0" skipped="0" tests="4" time="38.195" timestamp="2026-08-01T15:57:01.027124+00:00" hostname="agent-env-e547768a-060a-462b-9c2f-75e3bb68ccd9"><testcase classname="tests.test_set_credito_enviar_firmados" name="test_1_enviar_firmados_ok" time="4.510" /><testcase classname="tests.test_set_credito_enviar_firmados" name="test_2_imap_verify_delivery" time="32.794" /><testcase classname="tests.test_set_credito_enviar_firmados" name="test_3_correo_invalido_400" time="0.203" /><testcase classname="tests.test_set_credito_enviar_firmados" name="test_4_get_set_firmados_9_archivos" time="0.144" /></testsuite></testsuites>